# JRE version: OpenJDK Runtime Environment Temurin-17.0.3+7 (17.0.3+7) (build 17.0.3+7)
# Java VM: OpenJDK 64-Bit Server VM Temurin-17.0.3+7 (17.0.3+7, mixed mode, emulated-client, tiered, compressed oops, compressed class ptrs, g1 gc, windows-amd64)
GC Precious Log:
 CPUs: 8 total, 8 available
 Memory: 8070M
 Large Page Support: Disabled
 NUMA Support: Disabled
 Compressed Oops: Enabled (32-bit)
 Heap Region Size: 1M
 Heap Min Capacity: 8M
 Heap Initial Capacity: 128M
 Heap Max Capacity: 2018M
 Pre-touch: Disabled
 Parallel Workers: 8
 Concurrent Workers: 2
 Concurrent Refinement Workers: 8
 Periodic GC: Disabled
Heap:
 garbage-first heap   total 163840K, used 70684K [0x0000000081e00000, 0x0000000100000000)
  region size 1024K, 5 young (5120K), 5 survivors (5120K)
 Metaspace       used 35290K, committed 35584K, reserved 1081344K
  class space    used 4599K, committed 4736K, reserved 1048576K
GC Heap History (20 events):
Event: 3.382 GC heap after
{Heap after GC invocations=10 (full 0):
 garbage-first heap   total 74752K, used 29002K [0x0000000081e00000, 0x0000000100000000)
  region size 1024K, 5 young (5120K), 5 survivors (5120K)
 Metaspace       used 33723K, committed 33984K, reserved 1081344K
  class space    used 4296K, committed 4416K, reserved 1048576K
}
Event: 3.492 GC heap before
{Heap before GC invocations=10 (full 0):
 garbage-first heap   total 74752K, used 52554K [0x0000000081e00000, 0x0000000100000000)
  region size 1024K, 29 young (29696K), 5 survivors (5120K)
 Metaspace       used 34516K, committed 34880K, reserved 1081344K
  class space    used 4447K, committed 4608K, reserved 1048576K
}
Event: 3.498 GC heap after
{Heap after GC invocations=11 (full 0):
 garbage-first heap   total 94208K, used 33491K [0x0000000081e00000, 0x0000000100000000)
  region size 1024K, 4 young (4096K), 4 survivors (4096K)
 Metaspace       used 34516K, committed 34880K, reserved 1081344K
  class space    used 4447K, committed 4608K, reserved 1048576K
}
Event: 3.611 GC heap before
{Heap before GC invocations=11 (full 0):
 garbage-first heap   total 94208K, used 67283K [0x0000000081e00000, 0x0000000100000000)
  region size 1024K, 37 young (37888K), 4 survivors (4096K)
 Metaspace       used 34961K, committed 35328K, reserved 1081344K
  class space    used 4543K, committed 4736K, reserved 1048576K
}
Event: 3.623 GC heap after
{Heap after GC invocations=12 (full 0):
 garbage-first heap   total 94208K, used 42709K [0x0000000081e00000, 0x0000000100000000)
  region size 1024K, 5 young (5120K), 5 survivors (5120K)
 Metaspace       used 34961K, committed 35328K, reserved 1081344K
  class space    used 4543K, committed 4736K, reserved 1048576K
}
Event: 4.043 GC heap before
{Heap before GC invocations=12 (full 0):
 garbage-first heap   total 94208K, used 68309K [0x0000000081e00000, 0x0000000100000000)
  region size 1024K, 30 young (30720K), 5 survivors (5120K)
 Metaspace       used 35130K, committed 35456K, reserved 1081344K
  class space    used 4575K, committed 4736K, reserved 1048576K
}
Event: 4.052 GC heap after
{Heap after GC invocations=13 (full 0):
 garbage-first heap   total 94208K, used 51024K [0x0000000081e00000, 0x0000000100000000)
  region size 1024K, 4 young (4096K), 4 survivors (4096K)
 Metaspace       used 35130K, committed 35456K, reserved 1081344K
  class space    used 4575K, committed 4736K, reserved 1048576K
}
Event: 4.119 GC heap before
{Heap before GC invocations=13 (full 0):
 garbage-first heap   total 94208K, used 62288K [0x0000000081e00000, 0x0000000100000000)
  region size 1024K, 16 young (16384K), 4 survivors (4096K)
 Metaspace       used 35130K, committed 35456K, reserved 1081344K
  class space    used 4575K, committed 4736K, reserved 1048576K
}
Event: 4.126 GC heap after
{Heap after GC invocations=14 (full 0):
 garbage-first heap   total 94208K, used 57884K [0x0000000081e00000, 0x0000000100000000)
  region size 1024K, 3 young (3072K), 3 survivors (3072K)
 Metaspace       used 35130K, committed 35456K, reserved 1081344K
  class space    used 4575K, committed 4736K, reserved 1048576K
}
Event: 4.178 GC heap before
{Heap before GC invocations=14 (full 0):
 garbage-first heap   total 94208K, used 71196K [0x0000000081e00000, 0x0000000100000000)
  region size 1024K, 16 young (16384K), 3 survivors (3072K)
 Metaspace       used 35219K, committed 35520K, reserved 1081344K
  class space    used 4584K, committed 4736K, reserved 1048576K
}
Event: 4.197 GC heap after
{Heap after GC invocations=15 (full 0):
 garbage-first heap   total 163840K, used 63659K [0x0000000081e00000, 0x0000000100000000)
  region size 1024K, 2 young (2048K), 2 survivors (2048K)
 Metaspace       used 35219K, committed 35520K, reserved 1081344K
  class space    used 4584K, committed 4736K, reserved 1048576K
}
Event: 4.239 GC heap before
{Heap before GC invocations=15 (full 0):
 garbage-first heap   total 163840K, used 105643K [0x0000000081e00000, 0x0000000100000000)
  region size 1024K, 45 young (46080K), 2 survivors (2048K)
 Metaspace       used 35221K, committed 35520K, reserved 1081344K
  class space    used 4585K, committed 4736K, reserved 1048576K
}
Event: 4.243 GC heap after
{Heap after GC invocations=16 (full 0):
 garbage-first heap   total 163840K, used 64551K [0x0000000081e00000, 0x0000000100000000)
  region size 1024K, 4 young (4096K), 4 survivors (4096K)
 Metaspace       used 35221K, committed 35520K, reserved 1081344K
  class space    used 4585K, committed 4736K, reserved 1048576K
}
Event: 4.263 GC heap before
{Heap before GC invocations=17 (full 0):
 garbage-first heap   total 163840K, used 116775K [0x0000000081e00000, 0x0000000100000000)
  region size 1024K, 56 young (57344K), 4 survivors (4096K)
 Metaspace       used 35290K, committed 35584K, reserved 1081344K
  class space    used 4599K, committed 4736K, reserved 1048576K
}
Event: 4.268 GC heap after
{Heap after GC invocations=18 (full 0):
 garbage-first heap   total 163840K, used 66761K [0x0000000081e00000, 0x0000000100000000)
  region size 1024K, 5 young (5120K), 5 survivors (5120K)
 Metaspace       used 35290K, committed 35584K, reserved 1081344K
  class space    used 4599K, committed 4736K, reserved 1048576K
}
Event: 4.269 GC heap before
{Heap before GC invocations=18 (full 0):
 garbage-first heap   total 163840K, used 68809K [0x0000000081e00000, 0x0000000100000000)
  region size 1024K, 8 young (8192K), 5 survivors (5120K)
 Metaspace       used 35290K, committed 35584K, reserved 1081344K
  class space    used 4599K, committed 4736K, reserved 1048576K
}
Event: 4.271 GC heap after
{Heap after GC invocations=19 (full 0):
 garbage-first heap   total 163840K, used 66588K [0x0000000081e00000, 0x0000000100000000)
  region size 1024K, 1 young (1024K), 1 survivors (1024K)
 Metaspace       used 35290K, committed 35584K, reserved 1081344K
  class space    used 4599K, committed 4736K, reserved 1048576K
}
Event: 4.287 GC heap before
{Heap before GC invocations=19 (full 0):
 garbage-first heap   total 163840K, used 121884K [0x0000000081e00000, 0x0000000100000000)
  region size 1024K, 56 young (57344K), 1 survivors (1024K)
 Metaspace       used 35290K, committed 35584K, reserved 1081344K
  class space    used 4599K, committed 4736K, reserved 1048576K
}
Event: 4.289 GC heap after
{Heap after GC invocations=20 (full 0):
 garbage-first heap   total 163840K, used 68282K [0x0000000081e00000, 0x0000000100000000)
  region size 1024K, 3 young (3072K), 3 survivors (3072K)
 Metaspace       used 35290K, committed 35584K, reserved 1081344K
  class space    used 4599K, committed 4736K, reserved 1048576K
}
Event: 4.304 GC heap before
{Heap before GC invocations=20 (full 0):
 garbage-first heap   total 163840K, used 124602K [0x0000000081e00000, 0x0000000100000000)
  region size 1024K, 59 young (60416K), 3 survivors (3072K)
 Metaspace       used 35290K, committed 35584K, reserved 1081344K
  class space    used 4599K, committed 4736K, reserved 1048576K
}

