# JRE version: OpenJDK Runtime Environment Temurin-17.0.3+7 (17.0.3+7) (build 17.0.3+7)
# Java VM: OpenJDK 64-Bit Server VM Temurin-17.0.3+7 (17.0.3+7, mixed mode, emulated-client, tiered, compressed oops, compressed class ptrs, g1 gc, windows-amd64)
GC Precious Log:
 CPUs: 8 total, 8 available
 Memory: 8070M
 Large Page Support: Disabled
 NUMA Support: Disabled
 Compressed Oops: Enabled (32-bit)
 Heap Region Size: 1M
 Heap Min Capacity: 8M
 Heap Initial Capacity: 128M
 Heap Max Capacity: 2018M
 Pre-touch: Disabled
 Parallel Workers: 8
 Concurrent Workers: 2
 Concurrent Refinement Workers: 8
 Periodic GC: Disabled
Heap:
 garbage-first heap   total 116736K, used 35197K [0x0000000081e00000, 0x0000000100000000)
  region size 1024K, 1 young (1024K), 0 survivors (0K)
 Metaspace       used 53397K, committed 53824K, reserved 1097728K
  class space    used 7065K, committed 7232K, reserved 1048576K
GC Heap History (20 events):
Event: 7877.135 GC heap before
{Heap before GC invocations=578 (full 364):
 garbage-first heap   total 116736K, used 35245K [0x0000000081e00000, 0x0000000100000000)
  region size 1024K, 1 young (1024K), 0 survivors (0K)
 Metaspace       used 53417K, committed 53824K, reserved 1097728K
  class space    used 7069K, committed 7232K, reserved 1048576K
}
Event: 7877.188 GC heap after
{Heap after GC invocations=579 (full 365):
 garbage-first heap   total 116736K, used 35179K [0x0000000081e00000, 0x0000000100000000)
  region size 1024K, 0 young (0K), 0 survivors (0K)
 Metaspace       used 53397K, committed 53824K, reserved 1097728K
  class space    used 7065K, committed 7232K, reserved 1048576K
}
Event: 7937.399 GC heap before
{Heap before GC invocations=579 (full 365):
 garbage-first heap   total 116736K, used 95595K [0x0000000081e00000, 0x0000000100000000)
  region size 1024K, 59 young (60416K), 0 survivors (0K)
 Metaspace       used 53417K, committed 53824K, reserved 1097728K
  class space    used 7069K, committed 7232K, reserved 1048576K
}
Event: 7937.400 GC heap after
{Heap after GC invocations=580 (full 365):
 garbage-first heap   total 116736K, used 36641K [0x0000000081e00000, 0x0000000100000000)
  region size 1024K, 2 young (2048K), 2 survivors (2048K)
 Metaspace       used 53417K, committed 53824K, reserved 1097728K
  class space    used 7069K, committed 7232K, reserved 1048576K
}
Event: 7944.512 GC heap before
{Heap before GC invocations=580 (full 365):
 garbage-first heap   total 116736K, used 98081K [0x0000000081e00000, 0x0000000100000000)
  region size 1024K, 59 young (60416K), 2 survivors (2048K)
 Metaspace       used 53417K, committed 53824K, reserved 1097728K
  class space    used 7069K, committed 7232K, reserved 1048576K
}
Event: 7944.515 GC heap after
{Heap after GC invocations=581 (full 365):
 garbage-first heap   total 116736K, used 37487K [0x0000000081e00000, 0x0000000100000000)
  region size 1024K, 3 young (3072K), 3 survivors (3072K)
 Metaspace       used 53417K, committed 53824K, reserved 1097728K
  class space    used 7069K, committed 7232K, reserved 1048576K
}
Event: 7948.631 GC heap before
{Heap before GC invocations=581 (full 365):
 garbage-first heap   total 116736K, used 97903K [0x0000000081e00000, 0x0000000100000000)
  region size 1024K, 59 young (60416K), 3 survivors (3072K)
 Metaspace       used 53417K, committed 53824K, reserved 1097728K
  class space    used 7069K, committed 7232K, reserved 1048576K
}
Event: 7948.633 GC heap after
{Heap after GC invocations=582 (full 365):
 garbage-first heap   total 116736K, used 36746K [0x0000000081e00000, 0x0000000100000000)
  region size 1024K, 2 young (2048K), 2 survivors (2048K)
 Metaspace       used 53417K, committed 53824K, reserved 1097728K
  class space    used 7069K, committed 7232K, reserved 1048576K
}
Event: 7951.916 GC heap before
{Heap before GC invocations=582 (full 365):
 garbage-first heap   total 116736K, used 96138K [0x0000000081e00000, 0x0000000100000000)
  region size 1024K, 60 young (61440K), 2 survivors (2048K)
 Metaspace       used 53417K, committed 53824K, reserved 1097728K
  class space    used 7069K, committed 7232K, reserved 1048576K
}
Event: 7951.918 GC heap after
{Heap after GC invocations=583 (full 365):
 garbage-first heap   total 116736K, used 37306K [0x0000000081e00000, 0x0000000100000000)
  region size 1024K, 3 young (3072K), 3 survivors (3072K)
 Metaspace       used 53417K, committed 53824K, reserved 1097728K
  class space    used 7069K, committed 7232K, reserved 1048576K
}
Event: 7957.073 GC heap before
{Heap before GC invocations=583 (full 365):
 garbage-first heap   total 116736K, used 98746K [0x0000000081e00000, 0x0000000100000000)
  region size 1024K, 60 young (61440K), 3 survivors (3072K)
 Metaspace       used 53417K, committed 53824K, reserved 1097728K
  class space    used 7069K, committed 7232K, reserved 1048576K
}
Event: 7957.075 GC heap after
{Heap after GC invocations=584 (full 365):
 garbage-first heap   total 116736K, used 37698K [0x0000000081e00000, 0x0000000100000000)
  region size 1024K, 3 young (3072K), 3 survivors (3072K)
 Metaspace       used 53417K, committed 53824K, reserved 1097728K
  class space    used 7069K, committed 7232K, reserved 1048576K
}
Event: 7958.939 GC heap before
{Heap before GC invocations=584 (full 365):
 garbage-first heap   total 116736K, used 99138K [0x0000000081e00000, 0x0000000100000000)
  region size 1024K, 60 young (61440K), 3 survivors (3072K)
 Metaspace       used 53420K, committed 53824K, reserved 1097728K
  class space    used 7069K, committed 7232K, reserved 1048576K
}
Event: 7958.941 GC heap after
{Heap after GC invocations=585 (full 365):
 garbage-first heap   total 116736K, used 37720K [0x0000000081e00000, 0x0000000100000000)
  region size 1024K, 3 young (3072K), 3 survivors (3072K)
 Metaspace       used 53420K, committed 53824K, reserved 1097728K
  class space    used 7069K, committed 7232K, reserved 1048576K
}
Event: 8047.781 GC heap before
{Heap before GC invocations=585 (full 365):
 garbage-first heap   total 116736K, used 60248K [0x0000000081e00000, 0x0000000100000000)
  region size 1024K, 23 young (23552K), 3 survivors (3072K)
 Metaspace       used 53420K, committed 53824K, reserved 1097728K
  class space    used 7069K, committed 7232K, reserved 1048576K
}
Event: 8047.824 GC heap after
{Heap after GC invocations=586 (full 366):
 garbage-first heap   total 116736K, used 35416K [0x0000000081e00000, 0x0000000100000000)
  region size 1024K, 0 young (0K), 0 survivors (0K)
 Metaspace       used 53420K, committed 53824K, reserved 1097728K
  class space    used 7069K, committed 7232K, reserved 1048576K
}
Event: 8058.281 GC heap before
{Heap before GC invocations=586 (full 366):
 garbage-first heap   total 116736K, used 35416K [0x0000000081e00000, 0x0000000100000000)
  region size 1024K, 1 young (1024K), 0 survivors (0K)
 Metaspace       used 53420K, committed 53824K, reserved 1097728K
  class space    used 7069K, committed 7232K, reserved 1048576K
}
Event: 8058.339 GC heap after
{Heap after GC invocations=587 (full 367):
 garbage-first heap   total 116736K, used 35197K [0x0000000081e00000, 0x0000000100000000)
  region size 1024K, 0 young (0K), 0 survivors (0K)
 Metaspace       used 53397K, committed 53824K, reserved 1097728K
  class space    used 7065K, committed 7232K, reserved 1048576K
}
Event: 8069.083 GC heap before
{Heap before GC invocations=587 (full 367):
 garbage-first heap   total 116736K, used 35197K [0x0000000081e00000, 0x0000000100000000)
  region size 1024K, 1 young (1024K), 0 survivors (0K)
 Metaspace       used 53397K, committed 53824K, reserved 1097728K
  class space    used 7065K, committed 7232K, reserved 1048576K
}
Event: 8069.174 GC heap after
{Heap after GC invocations=588 (full 368):
 garbage-first heap   total 116736K, used 35197K [0x0000000081e00000, 0x0000000100000000)
  region size 1024K, 0 young (0K), 0 survivors (0K)
 Metaspace       used 53397K, committed 53824K, reserved 1097728K
  class space    used 7065K, committed 7232K, reserved 1048576K
}

