# JRE version: OpenJDK Runtime Environment Temurin-17.0.3+7 (17.0.3+7) (build 17.0.3+7)
# Java VM: OpenJDK 64-Bit Server VM Temurin-17.0.3+7 (17.0.3+7, mixed mode, emulated-client, tiered, compressed oops, compressed class ptrs, g1 gc, windows-amd64)
GC Precious Log:
 CPUs: 8 total, 8 available
 Memory: 8070M
 Large Page Support: Disabled
 NUMA Support: Disabled
 Compressed Oops: Enabled (32-bit)
 Heap Region Size: 1M
 Heap Min Capacity: 8M
 Heap Initial Capacity: 128M
 Heap Max Capacity: 2018M
 Pre-touch: Disabled
 Parallel Workers: 8
 Concurrent Workers: 2
 Concurrent Refinement Workers: 8
 Periodic GC: Disabled
Heap:
 garbage-first heap   total 189440K, used 73882K [0x0000000081e00000, 0x0000000100000000)
  region size 1024K, 6 young (6144K), 6 survivors (6144K)
 Metaspace       used 35270K, committed 35584K, reserved 1081344K
  class space    used 4600K, committed 4736K, reserved 1048576K
GC Heap History (20 events):
Event: 3.218 GC heap after
{Heap after GC invocations=11 (full 0):
 garbage-first heap   total 73728K, used 29172K [0x0000000081e00000, 0x0000000100000000)
  region size 1024K, 2 young (2048K), 2 survivors (2048K)
 Metaspace       used 33480K, committed 33728K, reserved 1081344K
  class space    used 4257K, committed 4352K, reserved 1048576K
}
Event: 3.317 GC heap before
{Heap before GC invocations=12 (full 0):
 garbage-first heap   total 73728K, used 51700K [0x0000000081e00000, 0x0000000100000000)
  region size 1024K, 24 young (24576K), 2 survivors (2048K)
 Metaspace       used 34010K, committed 34304K, reserved 1081344K
  class space    used 4349K, committed 4480K, reserved 1048576K
}
Event: 3.321 GC heap after
{Heap after GC invocations=13 (full 0):
 garbage-first heap   total 73728K, used 32841K [0x0000000081e00000, 0x0000000100000000)
  region size 1024K, 3 young (3072K), 3 survivors (3072K)
 Metaspace       used 34010K, committed 34304K, reserved 1081344K
  class space    used 4349K, committed 4480K, reserved 1048576K
}
Event: 3.325 GC heap before
{Heap before GC invocations=13 (full 0):
 garbage-first heap   total 73728K, used 33865K [0x0000000081e00000, 0x0000000100000000)
  region size 1024K, 4 young (4096K), 3 survivors (3072K)
 Metaspace       used 34079K, committed 34432K, reserved 1081344K
  class space    used 4359K, committed 4544K, reserved 1048576K
}
Event: 3.329 GC heap after
{Heap after GC invocations=14 (full 0):
 garbage-first heap   total 73728K, used 33652K [0x0000000081e00000, 0x0000000100000000)
  region size 1024K, 1 young (1024K), 1 survivors (1024K)
 Metaspace       used 34079K, committed 34432K, reserved 1081344K
  class space    used 4359K, committed 4544K, reserved 1048576K
}
Event: 3.399 GC heap before
{Heap before GC invocations=14 (full 0):
 garbage-first heap   total 73728K, used 52084K [0x0000000081e00000, 0x0000000100000000)
  region size 1024K, 20 young (20480K), 1 survivors (1024K)
 Metaspace       used 34394K, committed 34752K, reserved 1081344K
  class space    used 4430K, committed 4608K, reserved 1048576K
}
Event: 3.407 GC heap after
{Heap after GC invocations=15 (full 0):
 garbage-first heap   total 73728K, used 39276K [0x0000000081e00000, 0x0000000100000000)
  region size 1024K, 3 young (3072K), 3 survivors (3072K)
 Metaspace       used 34394K, committed 34752K, reserved 1081344K
  class space    used 4430K, committed 4608K, reserved 1048576K
}
Event: 3.468 GC heap before
{Heap before GC invocations=15 (full 0):
 garbage-first heap   total 87040K, used 54636K [0x0000000081e00000, 0x0000000100000000)
  region size 1024K, 18 young (18432K), 3 survivors (3072K)
 Metaspace       used 34565K, committed 34944K, reserved 1081344K
  class space    used 4478K, committed 4672K, reserved 1048576K
}
Event: 3.473 GC heap after
{Heap after GC invocations=16 (full 0):
 garbage-first heap   total 87040K, used 42546K [0x0000000081e00000, 0x0000000100000000)
  region size 1024K, 3 young (3072K), 3 survivors (3072K)
 Metaspace       used 34565K, committed 34944K, reserved 1081344K
  class space    used 4478K, committed 4672K, reserved 1048576K
}
Event: 3.558 GC heap before
{Heap before GC invocations=17 (full 0):
 garbage-first heap   total 87040K, used 64050K [0x0000000081e00000, 0x0000000100000000)
  region size 1024K, 24 young (24576K), 3 survivors (3072K)
 Metaspace       used 35057K, committed 35392K, reserved 1081344K
  class space    used 4573K, committed 4736K, reserved 1048576K
}
Event: 3.564 GC heap after
{Heap after GC invocations=18 (full 0):
 garbage-first heap   total 87040K, used 46443K [0x0000000081e00000, 0x0000000100000000)
  region size 1024K, 3 young (3072K), 3 survivors (3072K)
 Metaspace       used 35057K, committed 35392K, reserved 1081344K
  class space    used 4573K, committed 4736K, reserved 1048576K
}
Event: 3.568 GC heap before
{Heap before GC invocations=18 (full 0):
 garbage-first heap   total 87040K, used 47467K [0x0000000081e00000, 0x0000000100000000)
  region size 1024K, 4 young (4096K), 3 survivors (3072K)
 Metaspace       used 35062K, committed 35392K, reserved 1081344K
  class space    used 4575K, committed 4736K, reserved 1048576K
}
Event: 3.572 GC heap after
{Heap after GC invocations=19 (full 0):
 garbage-first heap   total 189440K, used 46451K [0x0000000081e00000, 0x0000000100000000)
  region size 1024K, 1 young (1024K), 1 survivors (1024K)
 Metaspace       used 35062K, committed 35392K, reserved 1081344K
  class space    used 4575K, committed 4736K, reserved 1048576K
}
Event: 4.029 GC heap before
{Heap before GC invocations=19 (full 0):
 garbage-first heap   total 189440K, used 132467K [0x0000000081e00000, 0x0000000100000000)
  region size 1024K, 84 young (86016K), 1 survivors (1024K)
 Metaspace       used 35165K, committed 35456K, reserved 1081344K
  class space    used 4585K, committed 4736K, reserved 1048576K
}
Event: 4.058 GC heap after
{Heap after GC invocations=20 (full 0):
 garbage-first heap   total 189440K, used 65409K [0x0000000081e00000, 0x0000000100000000)
  region size 1024K, 11 young (11264K), 11 survivors (11264K)
 Metaspace       used 35165K, committed 35456K, reserved 1081344K
  class space    used 4585K, committed 4736K, reserved 1048576K
}
Event: 4.089 GC heap before
{Heap before GC invocations=20 (full 0):
 garbage-first heap   total 189440K, used 125825K [0x0000000081e00000, 0x0000000100000000)
  region size 1024K, 71 young (72704K), 11 survivors (11264K)
 Metaspace       used 35173K, committed 35456K, reserved 1081344K
  class space    used 4587K, committed 4736K, reserved 1048576K
}
Event: 4.096 GC heap after
{Heap after GC invocations=21 (full 0):
 garbage-first heap   total 189440K, used 69029K [0x0000000081e00000, 0x0000000100000000)
  region size 1024K, 4 young (4096K), 4 survivors (4096K)
 Metaspace       used 35173K, committed 35456K, reserved 1081344K
  class space    used 4587K, committed 4736K, reserved 1048576K
}
Event: 4.126 GC heap before
{Heap before GC invocations=21 (full 0):
 garbage-first heap   total 189440K, used 131493K [0x0000000081e00000, 0x0000000100000000)
  region size 1024K, 66 young (67584K), 4 survivors (4096K)
 Metaspace       used 35270K, committed 35584K, reserved 1081344K
  class space    used 4600K, committed 4736K, reserved 1048576K
}
Event: 4.129 GC heap after
{Heap after GC invocations=22 (full 0):
 garbage-first heap   total 189440K, used 70854K [0x0000000081e00000, 0x0000000100000000)
  region size 1024K, 6 young (6144K), 6 survivors (6144K)
 Metaspace       used 35270K, committed 35584K, reserved 1081344K
  class space    used 4600K, committed 4736K, reserved 1048576K
}
Event: 4.154 GC heap before
{Heap before GC invocations=22 (full 0):
 garbage-first heap   total 189440K, used 137414K [0x0000000081e00000, 0x0000000100000000)
  region size 1024K, 72 young (73728K), 6 survivors (6144K)
 Metaspace       used 35270K, committed 35584K, reserved 1081344K
  class space    used 4600K, committed 4736K, reserved 1048576K
}

