# JRE version: OpenJDK Runtime Environment Temurin-17.0.3+7 (17.0.3+7) (build 17.0.3+7)
# Java VM: OpenJDK 64-Bit Server VM Temurin-17.0.3+7 (17.0.3+7, mixed mode, emulated-client, tiered, compressed oops, compressed class ptrs, g1 gc, windows-amd64)
GC Precious Log:
 CPUs: 8 total, 8 available
 Memory: 8070M
 Large Page Support: Disabled
 NUMA Support: Disabled
 Compressed Oops: Enabled (32-bit)
 Heap Region Size: 1M
 Heap Min Capacity: 8M
 Heap Initial Capacity: 128M
 Heap Max Capacity: 2018M
 Pre-touch: Disabled
 Parallel Workers: 8
 Concurrent Workers: 2
 Concurrent Refinement Workers: 8
 Periodic GC: Disabled
Heap:
 garbage-first heap   total 142336K, used 67305K [0x0000000081e00000, 0x0000000100000000)
  region size 1024K, 5 young (5120K), 5 survivors (5120K)
 Metaspace       used 35278K, committed 35584K, reserved 1081344K
  class space    used 4600K, committed 4736K, reserved 1048576K
GC Heap History (20 events):
Event: 4.033 GC heap after
{Heap after GC invocations=11 (full 0):
 garbage-first heap   total 63488K, used 27448K [0x0000000081e00000, 0x0000000100000000)
  region size 1024K, 3 young (3072K), 3 survivors (3072K)
 Metaspace       used 33699K, committed 33984K, reserved 1081344K
  class space    used 4292K, committed 4416K, reserved 1048576K
}
Event: 4.120 GC heap before
{Heap before GC invocations=11 (full 0):
 garbage-first heap   total 63488K, used 44856K [0x0000000081e00000, 0x0000000100000000)
  region size 1024K, 21 young (21504K), 3 survivors (3072K)
 Metaspace       used 34256K, committed 34624K, reserved 1081344K
  class space    used 4387K, committed 4544K, reserved 1048576K
}
Event: 4.124 GC heap after
{Heap after GC invocations=12 (full 0):
 garbage-first heap   total 78848K, used 30720K [0x0000000081e00000, 0x0000000100000000)
  region size 1024K, 3 young (3072K), 3 survivors (3072K)
 Metaspace       used 34256K, committed 34624K, reserved 1081344K
  class space    used 4387K, committed 4544K, reserved 1048576K
}
Event: 4.221 GC heap before
{Heap before GC invocations=12 (full 0):
 garbage-first heap   total 78848K, used 57344K [0x0000000081e00000, 0x0000000100000000)
  region size 1024K, 29 young (29696K), 3 survivors (3072K)
 Metaspace       used 34608K, committed 34944K, reserved 1081344K
  class space    used 4474K, committed 4608K, reserved 1048576K
}
Event: 4.229 GC heap after
{Heap after GC invocations=13 (full 0):
 garbage-first heap   total 78848K, used 38308K [0x0000000081e00000, 0x0000000100000000)
  region size 1024K, 4 young (4096K), 4 survivors (4096K)
 Metaspace       used 34608K, committed 34944K, reserved 1081344K
  class space    used 4474K, committed 4608K, reserved 1048576K
}
Event: 4.301 GC heap before
{Heap before GC invocations=13 (full 0):
 garbage-first heap   total 78848K, used 57764K [0x0000000081e00000, 0x0000000100000000)
  region size 1024K, 23 young (23552K), 4 survivors (4096K)
 Metaspace       used 35007K, committed 35392K, reserved 1081344K
  class space    used 4553K, committed 4736K, reserved 1048576K
}
Event: 4.307 GC heap after
{Heap after GC invocations=14 (full 0):
 garbage-first heap   total 78848K, used 41984K [0x0000000081e00000, 0x0000000100000000)
  region size 1024K, 3 young (3072K), 3 survivors (3072K)
 Metaspace       used 35007K, committed 35392K, reserved 1081344K
  class space    used 4553K, committed 4736K, reserved 1048576K
}
Event: 4.626 GC heap before
{Heap before GC invocations=14 (full 0):
 garbage-first heap   total 78848K, used 58368K [0x0000000081e00000, 0x0000000100000000)
  region size 1024K, 20 young (20480K), 3 survivors (3072K)
 Metaspace       used 35125K, committed 35456K, reserved 1081344K
  class space    used 4576K, committed 4736K, reserved 1048576K
}
Event: 4.630 GC heap after
{Heap after GC invocations=15 (full 0):
 garbage-first heap   total 78848K, used 45707K [0x0000000081e00000, 0x0000000100000000)
  region size 1024K, 3 young (3072K), 3 survivors (3072K)
 Metaspace       used 35125K, committed 35456K, reserved 1081344K
  class space    used 4576K, committed 4736K, reserved 1048576K
}
Event: 4.813 GC heap before
{Heap before GC invocations=16 (full 0):
 garbage-first heap   total 81920K, used 61067K [0x0000000081e00000, 0x0000000100000000)
  region size 1024K, 18 young (18432K), 3 survivors (3072K)
 Metaspace       used 35126K, committed 35456K, reserved 1081344K
  class space    used 4576K, committed 4736K, reserved 1048576K
}
Event: 4.821 GC heap after
{Heap after GC invocations=17 (full 0):
 garbage-first heap   total 81920K, used 53769K [0x0000000081e00000, 0x0000000100000000)
  region size 1024K, 3 young (3072K), 3 survivors (3072K)
 Metaspace       used 35126K, committed 35456K, reserved 1081344K
  class space    used 4576K, committed 4736K, reserved 1048576K
}
Event: 4.833 GC heap before
{Heap before GC invocations=17 (full 0):
 garbage-first heap   total 81920K, used 57865K [0x0000000081e00000, 0x0000000100000000)
  region size 1024K, 8 young (8192K), 3 survivors (3072K)
 Metaspace       used 35126K, committed 35456K, reserved 1081344K
  class space    used 4576K, committed 4736K, reserved 1048576K
}
Event: 4.839 GC heap after
{Heap after GC invocations=18 (full 0):
 garbage-first heap   total 142336K, used 56741K [0x0000000081e00000, 0x0000000100000000)
  region size 1024K, 2 young (2048K), 2 survivors (2048K)
 Metaspace       used 35126K, committed 35456K, reserved 1081344K
  class space    used 4576K, committed 4736K, reserved 1048576K
}
Event: 4.908 GC heap before
{Heap before GC invocations=18 (full 0):
 garbage-first heap   total 142336K, used 89509K [0x0000000081e00000, 0x0000000100000000)
  region size 1024K, 34 young (34816K), 2 survivors (2048K)
 Metaspace       used 35194K, committed 35520K, reserved 1081344K
  class space    used 4589K, committed 4736K, reserved 1048576K
}
Event: 4.929 GC heap after
{Heap after GC invocations=19 (full 0):
 garbage-first heap   total 142336K, used 63159K [0x0000000081e00000, 0x0000000100000000)
  region size 1024K, 5 young (5120K), 5 survivors (5120K)
 Metaspace       used 35194K, committed 35520K, reserved 1081344K
  class space    used 4589K, committed 4736K, reserved 1048576K
}
Event: 4.945 GC heap before
{Heap before GC invocations=19 (full 0):
 garbage-first heap   total 142336K, used 91831K [0x0000000081e00000, 0x0000000100000000)
  region size 1024K, 34 young (34816K), 5 survivors (5120K)
 Metaspace       used 35259K, committed 35520K, reserved 1081344K
  class space    used 4596K, committed 4736K, reserved 1048576K
}
Event: 4.950 GC heap after
{Heap after GC invocations=20 (full 0):
 garbage-first heap   total 142336K, used 64890K [0x0000000081e00000, 0x0000000100000000)
  region size 1024K, 2 young (2048K), 2 survivors (2048K)
 Metaspace       used 35259K, committed 35520K, reserved 1081344K
  class space    used 4596K, committed 4736K, reserved 1048576K
}
Event: 4.968 GC heap before
{Heap before GC invocations=20 (full 0):
 garbage-first heap   total 142336K, used 95610K [0x0000000081e00000, 0x0000000100000000)
  region size 1024K, 33 young (33792K), 2 survivors (2048K)
 Metaspace       used 35278K, committed 35584K, reserved 1081344K
  class space    used 4600K, committed 4736K, reserved 1048576K
}
Event: 4.970 GC heap after
{Heap after GC invocations=21 (full 0):
 garbage-first heap   total 142336K, used 65764K [0x0000000081e00000, 0x0000000100000000)
  region size 1024K, 3 young (3072K), 3 survivors (3072K)
 Metaspace       used 35278K, committed 35584K, reserved 1081344K
  class space    used 4600K, committed 4736K, reserved 1048576K
}
Event: 4.989 GC heap before
{Heap before GC invocations=21 (full 0):
 garbage-first heap   total 142336K, used 99556K [0x0000000081e00000, 0x0000000100000000)
  region size 1024K, 37 young (37888K), 3 survivors (3072K)
 Metaspace       used 35278K, committed 35584K, reserved 1081344K
  class space    used 4600K, committed 4736K, reserved 1048576K
}

