# JRE version: OpenJDK Runtime Environment Temurin-17.0.3+7 (17.0.3+7) (build 17.0.3+7)
# Java VM: OpenJDK 64-Bit Server VM Temurin-17.0.3+7 (17.0.3+7, mixed mode, emulated-client, tiered, compressed oops, compressed class ptrs, g1 gc, windows-amd64)
GC Precious Log:
 CPUs: 8 total, 8 available
 Memory: 8070M
 Large Page Support: Disabled
 NUMA Support: Disabled
 Compressed Oops: Enabled (32-bit)
 Heap Region Size: 1M
 Heap Min Capacity: 8M
 Heap Initial Capacity: 128M
 Heap Max Capacity: 2018M
 Pre-touch: Disabled
 Parallel Workers: 8
 Concurrent Workers: 2
 Concurrent Refinement Workers: 8
 Periodic GC: Disabled
Heap:
 garbage-first heap   total 205824K, used 79364K [0x0000000081e00000, 0x0000000100000000)
  region size 1024K, 8 young (8192K), 8 survivors (8192K)
 Metaspace       used 35290K, committed 35584K, reserved 1081344K
  class space    used 4600K, committed 4736K, reserved 1048576K
GC Heap History (20 events):
Event: 3.564 GC heap after
{Heap after GC invocations=10 (full 0):
 garbage-first heap   total 80896K, used 30666K [0x0000000081e00000, 0x0000000100000000)
  region size 1024K, 5 young (5120K), 5 survivors (5120K)
 Metaspace       used 34189K, committed 34560K, reserved 1081344K
  class space    used 4372K, committed 4544K, reserved 1048576K
}
Event: 3.661 GC heap before
{Heap before GC invocations=10 (full 0):
 garbage-first heap   total 80896K, used 58314K [0x0000000081e00000, 0x0000000100000000)
  region size 1024K, 32 young (32768K), 5 survivors (5120K)
 Metaspace       used 34640K, committed 35008K, reserved 1081344K
  class space    used 4483K, committed 4672K, reserved 1048576K
}
Event: 3.668 GC heap after
{Heap after GC invocations=11 (full 0):
 garbage-first heap   total 98304K, used 36459K [0x0000000081e00000, 0x0000000100000000)
  region size 1024K, 4 young (4096K), 4 survivors (4096K)
 Metaspace       used 34640K, committed 35008K, reserved 1081344K
  class space    used 4483K, committed 4672K, reserved 1048576K
}
Event: 3.778 GC heap before
{Heap before GC invocations=11 (full 0):
 garbage-first heap   total 98304K, used 71275K [0x0000000081e00000, 0x0000000100000000)
  region size 1024K, 38 young (38912K), 4 survivors (4096K)
 Metaspace       used 35125K, committed 35456K, reserved 1081344K
  class space    used 4576K, committed 4736K, reserved 1048576K
}
Event: 3.787 GC heap after
{Heap after GC invocations=12 (full 0):
 garbage-first heap   total 98304K, used 45353K [0x0000000081e00000, 0x0000000100000000)
  region size 1024K, 5 young (5120K), 5 survivors (5120K)
 Metaspace       used 35125K, committed 35456K, reserved 1081344K
  class space    used 4576K, committed 4736K, reserved 1048576K
}
Event: 4.171 GC heap before
{Heap before GC invocations=12 (full 0):
 garbage-first heap   total 98304K, used 73001K [0x0000000081e00000, 0x0000000100000000)
  region size 1024K, 31 young (31744K), 5 survivors (5120K)
 Metaspace       used 35127K, committed 35456K, reserved 1081344K
  class space    used 4576K, committed 4736K, reserved 1048576K
}
Event: 4.182 GC heap after
{Heap after GC invocations=13 (full 0):
 garbage-first heap   total 98304K, used 57871K [0x0000000081e00000, 0x0000000100000000)
  region size 1024K, 4 young (4096K), 4 survivors (4096K)
 Metaspace       used 35127K, committed 35456K, reserved 1081344K
  class space    used 4576K, committed 4736K, reserved 1048576K
}
Event: 4.217 GC heap before
{Heap before GC invocations=13 (full 0):
 garbage-first heap   total 98304K, used 72207K [0x0000000081e00000, 0x0000000100000000)
  region size 1024K, 19 young (19456K), 4 survivors (4096K)
 Metaspace       used 35217K, committed 35520K, reserved 1081344K
  class space    used 4586K, committed 4736K, reserved 1048576K
}
Event: 4.239 GC heap after
{Heap after GC invocations=14 (full 0):
 garbage-first heap   total 98304K, used 62938K [0x0000000081e00000, 0x0000000100000000)
  region size 1024K, 3 young (3072K), 3 survivors (3072K)
 Metaspace       used 35217K, committed 35520K, reserved 1081344K
  class space    used 4586K, committed 4736K, reserved 1048576K
}
Event: 4.259 GC heap before
{Heap before GC invocations=14 (full 0):
 garbage-first heap   total 98304K, used 74202K [0x0000000081e00000, 0x0000000100000000)
  region size 1024K, 15 young (15360K), 3 survivors (3072K)
 Metaspace       used 35217K, committed 35520K, reserved 1081344K
  class space    used 4586K, committed 4736K, reserved 1048576K
}
Event: 4.269 GC heap after
{Heap after GC invocations=15 (full 0):
 garbage-first heap   total 205824K, used 64159K [0x0000000081e00000, 0x0000000100000000)
  region size 1024K, 1 young (1024K), 1 survivors (1024K)
 Metaspace       used 35217K, committed 35520K, reserved 1081344K
  class space    used 4586K, committed 4736K, reserved 1048576K
}
Event: 4.306 GC heap before
{Heap before GC invocations=15 (full 0):
 garbage-first heap   total 205824K, used 125599K [0x0000000081e00000, 0x0000000100000000)
  region size 1024K, 62 young (63488K), 1 survivors (1024K)
 Metaspace       used 35242K, committed 35520K, reserved 1081344K
  class space    used 4592K, committed 4736K, reserved 1048576K
}
Event: 4.309 GC heap after
{Heap after GC invocations=16 (full 0):
 garbage-first heap   total 205824K, used 66590K [0x0000000081e00000, 0x0000000100000000)
  region size 1024K, 4 young (4096K), 4 survivors (4096K)
 Metaspace       used 35242K, committed 35520K, reserved 1081344K
  class space    used 4592K, committed 4736K, reserved 1048576K
}
Event: 4.352 GC heap before
{Heap before GC invocations=16 (full 0):
 garbage-first heap   total 205824K, used 145438K [0x0000000081e00000, 0x0000000100000000)
  region size 1024K, 83 young (84992K), 4 survivors (4096K)
 Metaspace       used 35276K, committed 35584K, reserved 1081344K
  class space    used 4598K, committed 4736K, reserved 1048576K
}
Event: 4.356 GC heap after
{Heap after GC invocations=17 (full 0):
 garbage-first heap   total 205824K, used 68821K [0x0000000081e00000, 0x0000000100000000)
  region size 1024K, 7 young (7168K), 7 survivors (7168K)
 Metaspace       used 35276K, committed 35584K, reserved 1081344K
  class space    used 4598K, committed 4736K, reserved 1048576K
}
Event: 4.390 GC heap before
{Heap before GC invocations=18 (full 0):
 garbage-first heap   total 205824K, used 151765K [0x0000000081e00000, 0x0000000100000000)
  region size 1024K, 89 young (91136K), 7 survivors (7168K)
 Metaspace       used 35290K, committed 35584K, reserved 1081344K
  class space    used 4600K, committed 4736K, reserved 1048576K
}
Event: 4.395 GC heap after
{Heap after GC invocations=19 (full 0):
 garbage-first heap   total 205824K, used 72449K [0x0000000081e00000, 0x0000000100000000)
  region size 1024K, 10 young (10240K), 10 survivors (10240K)
 Metaspace       used 35290K, committed 35584K, reserved 1081344K
  class space    used 4600K, committed 4736K, reserved 1048576K
}
Event: 4.432 GC heap before
{Heap before GC invocations=19 (full 0):
 garbage-first heap   total 205824K, used 156417K [0x0000000081e00000, 0x0000000100000000)
  region size 1024K, 93 young (95232K), 10 survivors (10240K)
 Metaspace       used 35290K, committed 35584K, reserved 1081344K
  class space    used 4600K, committed 4736K, reserved 1048576K
}
Event: 4.438 GC heap after
{Heap after GC invocations=20 (full 0):
 garbage-first heap   total 205824K, used 75723K [0x0000000081e00000, 0x0000000100000000)
  region size 1024K, 7 young (7168K), 7 survivors (7168K)
 Metaspace       used 35290K, committed 35584K, reserved 1081344K
  class space    used 4600K, committed 4736K, reserved 1048576K
}
Event: 4.481 GC heap before
{Heap before GC invocations=20 (full 0):
 garbage-first heap   total 205824K, used 161739K [0x0000000081e00000, 0x0000000100000000)
  region size 1024K, 92 young (94208K), 7 survivors (7168K)
 Metaspace       used 35290K, committed 35584K, reserved 1081344K
  class space    used 4600K, committed 4736K, reserved 1048576K
}

